

Report for birthday child: Cody
Birthday child's age:      7
Number of invited guests:  7

           Balloons:     49     $    22.05
          Gift Bags:      7     $    29.05
       Napkin Packs:      3     $     9.00
        Plate Packs:      2     $     6.30
             Pizzas:      2     $    10.70
     Juicebox Packs:      2     $     8.50
  Cake - half sheet:      1     $    10.00
         Total cost:            $    95.60


********************************************


Report for birthday child: Mary Anne Beth
Birthday child's age:      119
Number of invited guests:  499

           Balloons:  59381     $ 14845.25
          Gift Bags:    499     $  2070.85
       Napkin Packs:    167     $   250.50
        Plate Packs:    125     $   375.00
             Pizzas:    125     $   668.75
     Juicebox Packs:    100     $   425.00
  Cake - full sheet:     10     $   157.50
         Total cost:            $ 18792.85


********************************************


Report for birthday child: Edward
Birthday child's age:      30
Number of invited guests:  100

           Balloons:   3000     $   750.00
          Gift Bags:    100     $   415.00
       Napkin Packs:     34     $    51.00
        Plate Packs:     26     $    78.00
             Pizzas:     26     $   139.10
     Juicebox Packs:     21     $    89.25
  Cake - full sheet:      2     $    31.50
  Cake - half sheet:      1     $    10.00
         Total cost:            $  1563.85


********************************************


Number of Parties:                       3
Total cost of all parties:      $ 20452.30
Average spent on each party:    $  6817.43

********************************************
********************************************

