
       *     (   +      *.  . )
          )    .  ____+      (   *
      .  (  \||  (//\_ \.\|/       .
       + .-"-\ \ `a,a `/ / | + (
        /     \ \ \O_ / / /     )  +
     .  |#    |\ \_) (_/ / * .-"-. )
         \___/  \       /   /#    \  (
      *   /^     \.&&&./  . |     |
         (    *  |  &  |*    \___/
     .    \      |__&__|  '    ^\   +
           )     | \_/ |     ) . )
       *    . @%@%@%@%@%@%@ (   (
       (      {  WELCOME  }  )      *
        ) *   {  TO  THE  }     +  (
       (    @%@%@%@%@%@%@%@%@       ) '
     +      {    Birthday   }  *   (
            {      Cost     }
            {   Calculator  }
            {     v.3.1     }        (
    *      @%@%@%@%@%@%@%@%@%@        +

********************************************

What would you like to name the report file? 
What is the birthday child's name? 
How old will the birthday child be? 
How many invited guests? 
Would you like to process another party (Y/N)? 

What is the birthday child's name? 
How old will the birthday child be? 
How many invited guests? 
Would you like to process another party (Y/N)? 

What is the birthday child's name? 
How old will the birthday child be? 
How many invited guests? 
Would you like to process another party (Y/N)? 

What is the birthday child's name? 
How old will the birthday child be? 
How many invited guests? 
Would you like to process another party (Y/N)? 

What is the birthday child's name? 
How old will the birthday child be? 
How many invited guests? 
Would you like to process another party (Y/N)? 



Number of Parties:                       5
Total cost of all parties:      $  3039.45
Average spent on each party:    $   607.89

********************************************
********************************************


Thanks for using the Birhday Party Cost Calculator v 3.0.
Have a lovely Saturday afternoon!

********************************************

