
       *     (   +      *.  . )
          )    .  ____+      (   *
      .  (  \||  (//\_ \.\|/       .
       + .-"-\ \ `a,a `/ / | + (
        /     \ \ \O_ / / /     )  +
     .  |#    |\ \_) (_/ / * .-"-. )
         \___/  \       /   /#    \  (
      *   /^     \.&&&./  . |     |
         (    *  |  &  |*    \___/
     .    \      |__&__|  '    ^\   +
           )     | \_/ |     ) . )
       *    . @%@%@%@%@%@%@ (   (
       (      {  WELCOME  }  )      *
        ) *   {  TO  THE  }     +  (
       (    @%@%@%@%@%@%@%@%@       ) '
     +      {    Birthday   }  *   (
            {      Cost     }
            {   Calculator  }
            {     v.3.1     }        (
    *      @%@%@%@%@%@%@%@%@%@        +

********************************************

What would you like to name the report file? 

What is the birthday child's name? 
How old will the birthday child be? 
RANGE ERROR, Please enter a value between 1-119!

How old will the birthday child be? 
RANGE ERROR, Please enter a value between 1-119!

How old will the birthday child be? 
INPUT ERROR, Please enter an integer between 1-119!

How old will the birthday child be?
RANGE ERROR, Please enter a value between 1-119!

How old will the birthday child be? 
How many invited guests? 
RANGE ERROR, Please enter a value between 1-499! 

How many invited guests? 
RANGE ERROR, Please enter a value between 1-499! 

How many invited guests? 
RANGE ERROR, Please enter a value between 1-499! 

How many invited guests? 
INPUT ERROR, Please enter an integer between 1-499! 

How many invited guests? 
Would you like to process another party (Y/N)? 

What is the birthday child's name? 
How old will the birthday child be? 
How many invited guests? 
Would you like to process another party (Y/N)? 

What is the birthday child's name? 
How old will the birthday child be? 
How many invited guests? 
Would you like to process another party (Y/N)? 

********************************************
********************************************

Number of Parties:                       3
Total cost of all parties:      $ 20452.30
Average spent on each party:    $  6817.43

********************************************
********************************************


Thanks for using the Birhday Party Cost Calculator v 3.0.
Have a lovely Saturday afternoon!

********************************************

